2024-11-17 12:15:58.150 [info] Extension host with pid 1170 started
2024-11-17 12:15:58.497 [info] ExtensionService#_doActivateExtension vscode.git-base, startup: true, activationEvent: '*', root cause: vscode.git
2024-11-17 12:15:58.647 [info] ExtensionService#_doActivateExtension vscode.git, startup: true, activationEvent: '*'
2024-11-17 12:15:59.012 [info] ExtensionService#_doActivateExtension vscode.github, startup: true, activationEvent: '*'
2024-11-17 12:15:59.950 [info] Eager extensions activated
2024-11-17 12:16:00.085 [info] ExtensionService#_doActivateExtension vscode.debug-auto-launch, startup: false, activationEvent: 'onStartupFinished'
2024-11-17 12:16:00.128 [info] ExtensionService#_doActivateExtension vscode.merge-conflict, startup: false, activationEvent: 'onStartupFinished'
2024-11-17 12:16:05.364 [info] Extension host terminating: renderer closed the MessagePort
2024-11-17 12:16:05.602 [error] ProxyResolver#resolveProxy undefined Canceled: Canceled
	at Object.S [as $6] (/usr/share/code/resources/app/out/vs/workbench/api/node/extensionHostProcess.js:10:967)
	at /usr/share/code/resources/app/out/vs/workbench/api/node/extensionHostProcess.js:150:2390
	at Array.forEach (<anonymous>)
	at E.dispose (/usr/share/code/resources/app/out/vs/workbench/api/node/extensionHostProcess.js:150:2328)
	at u.terminate (/usr/share/code/resources/app/out/vs/workbench/api/node/extensionHostProcess.js:159:8103)
	at f.terminate (/usr/share/code/resources/app/out/vs/workbench/api/node/extensionHostProcess.js:163:1513)
	at t (/usr/share/code/resources/app/out/vs/workbench/api/node/extensionHostProcess.js:176:10459)
	at MessagePortMain.<anonymous> (/usr/share/code/resources/app/out/vs/workbench/api/node/extensionHostProcess.js:176:6675)
	at MessagePortMain.emit (node:events:514:28)
	at MessagePortMain._internalPort.emit (node:electron/js2c/utility_init:2:2285) 
2024-11-17 12:16:05.735 [info] Extension host with pid 1170 exiting with code 0
