2024-06-11 15:21:37.708 [info] Added views:workbench.panel.markers.view in workbench.panel.markers
2024-06-11 15:21:37.708 [info] Added views:workbench.panel.output in workbench.panel.output
2024-06-11 15:21:37.708 [info] Added views:terminal in terminal
2024-06-11 15:21:37.708 [info] Added views:outline in workbench.view.explorer
2024-06-11 15:21:37.708 [info] Added views:workbench.scm in workbench.view.scm
2024-06-11 15:21:37.708 [info] Added views:workbench.view.search in workbench.view.search
2024-06-11 15:21:37.708 [info] Added views:timeline in workbench.view.explorer
2024-06-11 15:21:37.708 [info] Added views:workbench.explorer.emptyView in workbench.view.explorer
2024-06-11 15:21:42.468 [info] Added views:workbench.debug.variablesView,workbench.debug.watchExpressionsView,workbench.debug.callStackView,workbench.debug.breakPointsView in workbench.view.debug
2024-06-11 15:21:46.801 [info] Added views:~remote.forwardedPorts in ~remote.forwardedPortsContainer
2024-06-11 15:21:47.397 [info] Added views:workbench.panel.repl.view in workbench.panel.repl
2024-06-11 15:21:47.402 [info] Removed views:workbench.debug.breakPointsView,workbench.debug.callStackView,workbench.debug.watchExpressionsView,workbench.debug.variablesView from workbench.view.debug
2024-06-11 15:21:47.408 [info] Added views:workbench.debug.welcome in workbench.view.debug
2024-06-11 16:00:18.282 [info] Added views:workbench.debug.breakPointsView in workbench.view.debug
2024-06-11 16:51:32.267 [info] Added views:workbench.panel.markers.view in workbench.panel.markers
2024-06-11 16:51:32.268 [info] Added views:workbench.panel.output in workbench.panel.output
2024-06-11 16:51:32.268 [info] Added views:terminal in terminal
2024-06-11 16:51:32.268 [info] Added views:outline in workbench.view.explorer
2024-06-11 16:51:32.268 [info] Added views:workbench.scm in workbench.view.scm
2024-06-11 16:51:32.268 [info] Added views:workbench.view.search in workbench.view.search
2024-06-11 16:51:32.268 [info] Added views:timeline in workbench.view.explorer
2024-06-11 16:51:32.268 [info] Added views:workbench.explorer.fileView in workbench.view.explorer
2024-06-11 16:51:33.425 [info] Added views:workbench.debug.variablesView,workbench.debug.watchExpressionsView,workbench.debug.callStackView,workbench.debug.breakPointsView in workbench.view.debug
2024-06-11 16:51:33.677 [info] Added views:~remote.forwardedPorts in ~remote.forwardedPortsContainer
2024-06-11 16:51:34.727 [info] Added views:workbench.panel.repl.view in workbench.panel.repl
2024-06-11 16:51:34.732 [info] Removed views:workbench.debug.breakPointsView,workbench.debug.callStackView,workbench.debug.watchExpressionsView,workbench.debug.variablesView from workbench.view.debug
2024-06-11 16:51:34.736 [info] Added views:workbench.debug.welcome in workbench.view.debug
